Compiled jquery.js  (3ms)  (pid 26676)
Compiled jquery_ujs.js  (0ms)  (pid 26676)
Compiled home.js  (279ms)  (pid 26676)
Compiled application.js  (344ms)  (pid 26676)
Compiled home.css  (13ms)  (pid 26676)
Compiled application.css  (21ms)  (pid 26676)
Compiled jquery.js  (2ms)  (pid 26676)
Compiled jquery_ujs.js  (0ms)  (pid 26676)
Compiled home.js  (185ms)  (pid 26676)
Compiled application.js  (237ms)  (pid 26676)
Compiled home.css  (11ms)  (pid 26676)
Compiled application.css  (19ms)  (pid 26676)
Compiled jquery.js  (2ms)  (pid 26803)
Compiled jquery_ujs.js  (0ms)  (pid 26803)
Compiled home.js  (246ms)  (pid 26803)
Compiled application.js  (309ms)  (pid 26803)
Compiled bootstrap-responsive.css  (0ms)  (pid 26803)
Compiled bootstrap-responsive.min.css  (0ms)  (pid 26803)
Compiled bootstrap.css  (2ms)  (pid 26803)
Compiled bootstrap.min.css  (1ms)  (pid 26803)
Compiled home.css  (15ms)  (pid 26803)
Compiled application.css  (113ms)  (pid 26803)
Compiled jquery.js  (3ms)  (pid 26803)
Compiled jquery_ujs.js  (0ms)  (pid 26803)
Compiled home.js  (213ms)  (pid 26803)
Compiled application.js  (277ms)  (pid 26803)
Compiled bootstrap-responsive.css  (0ms)  (pid 26803)
Compiled bootstrap-responsive.min.css  (0ms)  (pid 26803)
Compiled bootstrap.css  (1ms)  (pid 26803)
Compiled bootstrap.min.css  (1ms)  (pid 26803)
Compiled home.css  (23ms)  (pid 26803)
Compiled application.css  (115ms)  (pid 26803)
Compiled jquery.js  (2ms)  (pid 27399)
Compiled jquery_ujs.js  (0ms)  (pid 27399)
Compiled home.js  (366ms)  (pid 27399)
Compiled application.js  (435ms)  (pid 27399)
Compiled bootstrap-responsive.css  (0ms)  (pid 27399)
Compiled bootstrap-responsive.min.css  (0ms)  (pid 27399)
Compiled bootstrap.css  (1ms)  (pid 27399)
Compiled bootstrap.min.css  (1ms)  (pid 27399)
Compiled home.css  (24ms)  (pid 27399)
Compiled application.css  (83ms)  (pid 27399)
Compiled jquery.js  (3ms)  (pid 27399)
Compiled jquery_ujs.js  (0ms)  (pid 27399)
Compiled home.js  (253ms)  (pid 27399)
Compiled application.js  (316ms)  (pid 27399)
Compiled bootstrap-responsive.css  (0ms)  (pid 27399)
Compiled bootstrap-responsive.min.css  (0ms)  (pid 27399)
Compiled bootstrap.css  (1ms)  (pid 27399)
Compiled bootstrap.min.css  (0ms)  (pid 27399)
Compiled home.css  (14ms)  (pid 27399)
Compiled application.css  (80ms)  (pid 27399)
Compiled jquery.js  (3ms)  (pid 27456)
Compiled jquery_ujs.js  (0ms)  (pid 27456)
Compiled home.js  (159ms)  (pid 27456)
Compiled application.js  (229ms)  (pid 27456)
Compiled bootstrap-responsive.css  (0ms)  (pid 27456)
Compiled bootstrap-responsive.min.css  (0ms)  (pid 27456)
Compiled bootstrap.css  (0ms)  (pid 27456)
Compiled bootstrap.min.css  (1ms)  (pid 27456)
Compiled home.css  (15ms)  (pid 27456)
Compiled application.css  (63ms)  (pid 27456)
Compiled jquery.js  (2ms)  (pid 27456)
Compiled jquery_ujs.js  (0ms)  (pid 27456)
Compiled home.js  (162ms)  (pid 27456)
Compiled application.js  (220ms)  (pid 27456)
Compiled bootstrap-responsive.css  (0ms)  (pid 27456)
Compiled bootstrap-responsive.min.css  (0ms)  (pid 27456)
Compiled bootstrap.css  (1ms)  (pid 27456)
Compiled bootstrap.min.css  (0ms)  (pid 27456)
Compiled home.css  (14ms)  (pid 27456)
Compiled application.css  (93ms)  (pid 27456)
